{"C:\\VSC WORKSPACE\\Front-Eventos\\src\\components\\EventCard.jsx": {"path":"C:\\VSC WORKSPACE\\Front-Eventos\\src\\components\\EventCard.jsx","statementMap":{"0":{"start":{"line":19,"column":14},"end":{"line":19,"column":null}},"1":{"start":{"line":20,"column":14},"end":{"line":22,"column":null}},"2":{"start":{"line":21,"column":16},"end":{"line":21,"column":null}},"3":{"start":{"line":24,"column":33},"end":{"line":24,"column":null}},"4":{"start":{"line":25,"column":33},"end":{"line":25,"column":null}}},"fnMap":{"0":{"name":"EventCard","decl":{"start":{"line":3,"column":24},"end":{"line":3,"column":34}},"loc":{"start":{"line":3,"column":44},"end":{"line":66,"column":null}},"line":3},"1":{"name":"(anonymous_1)","decl":{"start":{"line":18,"column":21},"end":{"line":18,"column":22}},"loc":{"start":{"line":18,"column":22},"end":{"line":23,"column":null}},"line":18},"2":{"name":"(anonymous_2)","decl":{"start":{"line":24,"column":26},"end":{"line":24,"column":27}},"loc":{"start":{"line":24,"column":33},"end":{"line":24,"column":null}},"line":24},"3":{"name":"(anonymous_3)","decl":{"start":{"line":25,"column":26},"end":{"line":25,"column":27}},"loc":{"start":{"line":25,"column":33},"end":{"line":25,"column":null}},"line":25}},"branchMap":{"0":{"loc":{"start":{"line":8,"column":9},"end":{"line":27,"column":null}},"type":"cond-expr","locations":[{"start":{"line":8,"column":22},"end":{"line":27,"column":null}},{"start":{"line":27,"column":12},"end":{"line":27,"column":null}}],"line":8},"1":{"loc":{"start":{"line":20,"column":14},"end":{"line":22,"column":null}},"type":"if","locations":[{"start":{"line":20,"column":14},"end":{"line":22,"column":null}},{"start":{},"end":{}}],"line":20},"2":{"loc":{"start":{"line":32,"column":28},"end":{"line":32,"column":61}},"type":"cond-expr","locations":[{"start":{"line":32,"column":44},"end":{"line":32,"column":53}},{"start":{"line":32,"column":53},"end":{"line":32,"column":61}}],"line":32}},"s":{"0":1,"1":1,"2":1,"3":1,"4":1},"f":{"0":11,"1":1,"2":1,"3":1},"b":{"0":[10,1],"1":[1,0],"2":[10,1]},"meta":{"lastBranch":3,"lastFunction":4,"lastStatement":5,"seen":{"f:3:24:3:34":0,"b:8:22:27:Infinity:27:12:27:Infinity":0,"f:18:21:18:22":1,"s:19:14:19:Infinity":0,"b:20:14:22:Infinity:undefined:undefined:undefined:undefined":1,"s:20:14:22:Infinity":1,"s:21:16:21:Infinity":2,"f:24:26:24:27":2,"s:24:33:24:Infinity":3,"f:25:26:25:27":3,"s:25:33:25:Infinity":4,"b:32:44:32:53:32:53:32:61":2}}}
,"C:\\VSC WORKSPACE\\Front-Eventos\\src\\components\\EventList.jsx": {"path":"C:\\VSC WORKSPACE\\Front-Eventos\\src\\components\\EventList.jsx","statementMap":{"0":{"start":{"line":5,"column":20},"end":{"line":54,"column":null}},"1":{"start":{"line":56,"column":22},"end":{"line":56,"column":41}},"2":{"start":{"line":59,"column":29},"end":{"line":59,"column":null}},"3":{"start":{"line":60,"column":31},"end":{"line":60,"column":null}},"4":{"start":{"line":61,"column":25},"end":{"line":61,"column":null}},"5":{"start":{"line":63,"column":2},"end":{"line":94,"column":null}},"6":{"start":{"line":64,"column":26},"end":{"line":91,"column":null}},"7":{"start":{"line":65,"column":6},"end":{"line":90,"column":null}},"8":{"start":{"line":66,"column":8},"end":{"line":66,"column":null}},"9":{"start":{"line":68,"column":8},"end":{"line":82,"column":null}},"10":{"start":{"line":70,"column":10},"end":{"line":70,"column":null}},"11":{"start":{"line":71,"column":27},"end":{"line":71,"column":null}},"12":{"start":{"line":72,"column":10},"end":{"line":74,"column":null}},"13":{"start":{"line":73,"column":12},"end":{"line":73,"column":null}},"14":{"start":{"line":75,"column":24},"end":{"line":75,"column":null}},"15":{"start":{"line":76,"column":10},"end":{"line":76,"column":null}},"16":{"start":{"line":79,"column":10},"end":{"line":79,"column":null}},"17":{"start":{"line":80,"column":10},"end":{"line":80,"column":66}},"18":{"start":{"line":80,"column":39},"end":{"line":80,"column":66}},"19":{"start":{"line":81,"column":10},"end":{"line":81,"column":null}},"20":{"start":{"line":84,"column":8},"end":{"line":84,"column":null}},"21":{"start":{"line":85,"column":8},"end":{"line":85,"column":null}},"22":{"start":{"line":87,"column":8},"end":{"line":87,"column":null}},"23":{"start":{"line":89,"column":8},"end":{"line":89,"column":null}},"24":{"start":{"line":93,"column":4},"end":{"line":93,"column":null}}},"fnMap":{"0":{"name":"EventList","decl":{"start":{"line":58,"column":24},"end":{"line":58,"column":null}},"loc":{"start":{"line":58,"column":24},"end":{"line":136,"column":null}},"line":58},"1":{"name":"(anonymous_1)","decl":{"start":{"line":63,"column":12},"end":{"line":63,"column":null}},"loc":{"start":{"line":63,"column":12},"end":{"line":94,"column":5}},"line":63},"2":{"name":"(anonymous_2)","decl":{"start":{"line":64,"column":26},"end":{"line":64,"column":null}},"loc":{"start":{"line":64,"column":26},"end":{"line":91,"column":null}},"line":64},"3":{"name":"(anonymous_3)","decl":{"start":{"line":80,"column":28},"end":{"line":80,"column":39}},"loc":{"start":{"line":80,"column":39},"end":{"line":80,"column":66}},"line":80}},"branchMap":{"0":{"loc":{"start":{"line":68,"column":8},"end":{"line":82,"column":null}},"type":"if","locations":[{"start":{"line":68,"column":8},"end":{"line":82,"column":null}},{"start":{"line":77,"column":15},"end":{"line":82,"column":null}}],"line":68},"1":{"loc":{"start":{"line":72,"column":10},"end":{"line":74,"column":null}},"type":"if","locations":[{"start":{"line":72,"column":10},"end":{"line":74,"column":null}},{"start":{},"end":{}}],"line":72},"2":{"loc":{"start":{"line":123,"column":43},"end":{"line":123,"column":null}},"type":"binary-expr","locations":[{"start":{"line":123,"column":43},"end":{"line":123,"column":61}},{"start":{"line":123,"column":61},"end":{"line":123,"column":null}}],"line":123}},"s":{"0":5,"1":5,"2":9,"3":9,"4":9,"5":9,"6":5,"7":5,"8":5,"9":5,"10":4,"11":4,"12":3,"13":1,"14":2,"15":2,"16":1,"17":1,"18":1,"19":1,"20":3,"21":3,"22":1,"23":4,"24":5},"f":{"0":9,"1":5,"2":5,"3":1},"b":{"0":[4,1],"1":[1,2],"2":[3,1]},"meta":{"lastBranch":3,"lastFunction":4,"lastStatement":25,"seen":{"s:5:20:54:Infinity":0,"s:56:22:56:41":1,"f:58:24:58:Infinity":0,"s:59:29:59:Infinity":2,"s:60:31:60:Infinity":3,"s:61:25:61:Infinity":4,"s:63:2:94:Infinity":5,"f:63:12:63:Infinity":1,"s:64:26:91:Infinity":6,"f:64:26:64:Infinity":2,"s:65:6:90:Infinity":7,"s:66:8:66:Infinity":8,"b:68:8:82:Infinity:77:15:82:Infinity":0,"s:68:8:82:Infinity":9,"s:70:10:70:Infinity":10,"s:71:27:71:Infinity":11,"b:72:10:74:Infinity:undefined:undefined:undefined:undefined":1,"s:72:10:74:Infinity":12,"s:73:12:73:Infinity":13,"s:75:24:75:Infinity":14,"s:76:10:76:Infinity":15,"s:79:10:79:Infinity":16,"s:80:10:80:66":17,"f:80:28:80:39":3,"s:80:39:80:66":18,"s:81:10:81:Infinity":19,"s:84:8:84:Infinity":20,"s:85:8:85:Infinity":21,"s:87:8:87:Infinity":22,"s:89:8:89:Infinity":23,"s:93:4:93:Infinity":24,"b:123:43:123:61:123:61:123:Infinity":2}}}
,"C:\\VSC WORKSPACE\\Front-Eventos\\src\\pages\\EventPage.jsx": {"path":"C:\\VSC WORKSPACE\\Front-Eventos\\src\\pages\\EventPage.jsx","statementMap":{"0":{"start":{"line":7,"column":20},"end":{"line":56,"column":null}},"1":{"start":{"line":58,"column":22},"end":{"line":58,"column":41}},"2":{"start":{"line":61,"column":19},"end":{"line":76,"column":1}},"3":{"start":{"line":79,"column":14},"end":{"line":79,"column":null}},"4":{"start":{"line":80,"column":39},"end":{"line":80,"column":null}},"5":{"start":{"line":81,"column":31},"end":{"line":81,"column":null}},"6":{"start":{"line":82,"column":41},"end":{"line":82,"column":null}},"7":{"start":{"line":85,"column":39},"end":{"line":85,"column":null}},"8":{"start":{"line":86,"column":35},"end":{"line":86,"column":null}},"9":{"start":{"line":87,"column":33},"end":{"line":87,"column":null}},"10":{"start":{"line":90,"column":76},"end":{"line":92,"column":null}},"11":{"start":{"line":95,"column":2},"end":{"line":113,"column":null}},"12":{"start":{"line":96,"column":4},"end":{"line":112,"column":null}},"13":{"start":{"line":97,"column":27},"end":{"line":109,"column":null}},"14":{"start":{"line":98,"column":8},"end":{"line":98,"column":null}},"15":{"start":{"line":99,"column":8},"end":{"line":99,"column":64}},"16":{"start":{"line":99,"column":37},"end":{"line":99,"column":64}},"17":{"start":{"line":101,"column":33},"end":{"line":101,"column":null}},"18":{"start":{"line":101,"column":55},"end":{"line":101,"column":null}},"19":{"start":{"line":102,"column":8},"end":{"line":107,"column":null}},"20":{"start":{"line":103,"column":10},"end":{"line":103,"column":null}},"21":{"start":{"line":104,"column":10},"end":{"line":104,"column":null}},"22":{"start":{"line":106,"column":10},"end":{"line":106,"column":null}},"23":{"start":{"line":108,"column":8},"end":{"line":108,"column":null}},"24":{"start":{"line":111,"column":6},"end":{"line":111,"column":null}},"25":{"start":{"line":116,"column":19},"end":{"line":116,"column":null}},"26":{"start":{"line":117,"column":16},"end":{"line":117,"column":null}},"27":{"start":{"line":118,"column":17},"end":{"line":118,"column":null}},"28":{"start":{"line":120,"column":24},"end":{"line":127,"column":null}},"29":{"start":{"line":121,"column":4},"end":{"line":121,"column":null}},"30":{"start":{"line":122,"column":4},"end":{"line":126,"column":null}},"31":{"start":{"line":123,"column":6},"end":{"line":123,"column":null}},"32":{"start":{"line":124,"column":6},"end":{"line":124,"column":null}},"33":{"start":{"line":125,"column":6},"end":{"line":125,"column":null}},"34":{"start":{"line":129,"column":22},"end":{"line":129,"column":null}},"35":{"start":{"line":291,"column":29},"end":{"line":291,"column":null}},"36":{"start":{"line":351,"column":37},"end":{"line":351,"column":null}},"37":{"start":{"line":369,"column":39},"end":{"line":369,"column":null}},"38":{"start":{"line":384,"column":37},"end":{"line":384,"column":null}},"39":{"start":{"line":417,"column":35},"end":{"line":417,"column":null}},"40":{"start":{"line":430,"column":22},"end":{"line":430,"column":null}},"41":{"start":{"line":431,"column":22},"end":{"line":431,"column":null}},"42":{"start":{"line":434,"column":22},"end":{"line":434,"column":null}},"43":{"start":{"line":435,"column":22},"end":{"line":435,"column":null}},"44":{"start":{"line":453,"column":41},"end":{"line":453,"column":null}},"45":{"start":{"line":454,"column":41},"end":{"line":454,"column":null}}},"fnMap":{"0":{"name":"EventPage","decl":{"start":{"line":78,"column":24},"end":{"line":78,"column":null}},"loc":{"start":{"line":78,"column":24},"end":{"line":481,"column":null}},"line":78},"1":{"name":"(anonymous_1)","decl":{"start":{"line":95,"column":12},"end":{"line":95,"column":null}},"loc":{"start":{"line":95,"column":12},"end":{"line":113,"column":5}},"line":95},"2":{"name":"(anonymous_2)","decl":{"start":{"line":97,"column":27},"end":{"line":97,"column":null}},"loc":{"start":{"line":97,"column":27},"end":{"line":109,"column":null}},"line":97},"3":{"name":"(anonymous_3)","decl":{"start":{"line":99,"column":26},"end":{"line":99,"column":37}},"loc":{"start":{"line":99,"column":37},"end":{"line":99,"column":64}},"line":99},"4":{"name":"(anonymous_4)","decl":{"start":{"line":101,"column":50},"end":{"line":101,"column":55}},"loc":{"start":{"line":101,"column":55},"end":{"line":101,"column":null}},"line":101},"5":{"name":"(anonymous_5)","decl":{"start":{"line":120,"column":24},"end":{"line":120,"column":null}},"loc":{"start":{"line":120,"column":24},"end":{"line":127,"column":null}},"line":120},"6":{"name":"(anonymous_6)","decl":{"start":{"line":122,"column":15},"end":{"line":122,"column":null}},"loc":{"start":{"line":122,"column":15},"end":{"line":126,"column":7}},"line":122},"7":{"name":"(anonymous_7)","decl":{"start":{"line":291,"column":23},"end":{"line":291,"column":29}},"loc":{"start":{"line":291,"column":29},"end":{"line":291,"column":null}},"line":291},"8":{"name":"(anonymous_8)","decl":{"start":{"line":351,"column":31},"end":{"line":351,"column":37}},"loc":{"start":{"line":351,"column":37},"end":{"line":351,"column":null}},"line":351},"9":{"name":"(anonymous_9)","decl":{"start":{"line":369,"column":32},"end":{"line":369,"column":33}},"loc":{"start":{"line":369,"column":39},"end":{"line":369,"column":null}},"line":369},"10":{"name":"(anonymous_10)","decl":{"start":{"line":384,"column":31},"end":{"line":384,"column":37}},"loc":{"start":{"line":384,"column":37},"end":{"line":384,"column":null}},"line":384},"11":{"name":"(anonymous_11)","decl":{"start":{"line":417,"column":29},"end":{"line":417,"column":35}},"loc":{"start":{"line":417,"column":35},"end":{"line":417,"column":null}},"line":417},"12":{"name":"(anonymous_12)","decl":{"start":{"line":429,"column":34},"end":{"line":429,"column":35}},"loc":{"start":{"line":429,"column":35},"end":{"line":432,"column":null}},"line":429},"13":{"name":"(anonymous_13)","decl":{"start":{"line":433,"column":34},"end":{"line":433,"column":35}},"loc":{"start":{"line":433,"column":35},"end":{"line":436,"column":null}},"line":433},"14":{"name":"(anonymous_14)","decl":{"start":{"line":453,"column":34},"end":{"line":453,"column":35}},"loc":{"start":{"line":453,"column":41},"end":{"line":453,"column":null}},"line":453},"15":{"name":"(anonymous_15)","decl":{"start":{"line":454,"column":34},"end":{"line":454,"column":35}},"loc":{"start":{"line":454,"column":41},"end":{"line":454,"column":null}},"line":454}},"branchMap":{"0":{"loc":{"start":{"line":90,"column":76},"end":{"line":92,"column":null}},"type":"cond-expr","locations":[{"start":{"line":90,"column":76},"end":{"line":91,"column":null}},{"start":{"line":92,"column":6},"end":{"line":92,"column":null}}],"line":90},"1":{"loc":{"start":{"line":96,"column":4},"end":{"line":112,"column":null}},"type":"if","locations":[{"start":{"line":96,"column":4},"end":{"line":112,"column":null}},{"start":{},"end":{}}],"line":96},"2":{"loc":{"start":{"line":102,"column":8},"end":{"line":107,"column":null}},"type":"if","locations":[{"start":{"line":102,"column":8},"end":{"line":107,"column":null}},{"start":{"line":105,"column":15},"end":{"line":107,"column":null}}],"line":102},"3":{"loc":{"start":{"line":116,"column":19},"end":{"line":116,"column":null}},"type":"cond-expr","locations":[{"start":{"line":116,"column":35},"end":{"line":116,"column":52}},{"start":{"line":116,"column":52},"end":{"line":116,"column":null}}],"line":116},"4":{"loc":{"start":{"line":117,"column":16},"end":{"line":117,"column":null}},"type":"cond-expr","locations":[{"start":{"line":117,"column":32},"end":{"line":117,"column":46}},{"start":{"line":117,"column":46},"end":{"line":117,"column":null}}],"line":117},"5":{"loc":{"start":{"line":118,"column":17},"end":{"line":118,"column":null}},"type":"cond-expr","locations":[{"start":{"line":118,"column":33},"end":{"line":118,"column":54}},{"start":{"line":118,"column":54},"end":{"line":118,"column":null}}],"line":118},"6":{"loc":{"start":{"line":129,"column":22},"end":{"line":129,"column":null}},"type":"cond-expr","locations":[{"start":{"line":129,"column":31},"end":{"line":129,"column":58}},{"start":{"line":129,"column":58},"end":{"line":129,"column":null}}],"line":129},"7":{"loc":{"start":{"line":192,"column":60},"end":{"line":192,"column":null}},"type":"binary-expr","locations":[{"start":{"line":192,"column":60},"end":{"line":192,"column":78}},{"start":{"line":192,"column":78},"end":{"line":192,"column":null}}],"line":192},"8":{"loc":{"start":{"line":369,"column":63},"end":{"line":369,"column":null}},"type":"binary-expr","locations":[{"start":{"line":369,"column":63},"end":{"line":369,"column":91}},{"start":{"line":369,"column":91},"end":{"line":369,"column":null}}],"line":369},"9":{"loc":{"start":{"line":469,"column":52},"end":{"line":469,"column":76}},"type":"cond-expr","locations":[{"start":{"line":469,"column":67},"end":{"line":469,"column":73}},{"start":{"line":469,"column":73},"end":{"line":469,"column":76}}],"line":469}},"s":{"0":1,"1":1,"2":1,"3":18,"4":18,"5":18,"6":18,"7":18,"8":18,"9":18,"10":18,"11":18,"12":6,"13":0,"14":0,"15":0,"16":0,"17":0,"18":0,"19":0,"20":0,"21":0,"22":0,"23":0,"24":0,"25":18,"26":18,"27":18,"28":18,"29":1,"30":1,"31":0,"32":0,"33":0,"34":18,"35":3,"36":1,"37":0,"38":1,"39":1,"40":0,"41":0,"42":0,"43":0,"44":0,"45":0},"f":{"0":18,"1":6,"2":0,"3":0,"4":0,"5":1,"6":0,"7":3,"8":1,"9":0,"10":1,"11":1,"12":0,"13":0,"14":0,"15":0},"b":{"0":[18,0],"1":[0,6],"2":[0,0],"3":[18,0],"4":[18,0],"5":[18,0],"6":[11,7],"7":[11,0],"8":[0,0],"9":[1,0]},"meta":{"lastBranch":10,"lastFunction":16,"lastStatement":46,"seen":{"s:7:20:56:Infinity":0,"s:58:22:58:41":1,"s:61:19:76:1":2,"f:78:24:78:Infinity":0,"s:79:14:79:Infinity":3,"s:80:39:80:Infinity":4,"s:81:31:81:Infinity":5,"s:82:41:82:Infinity":6,"s:85:39:85:Infinity":7,"s:86:35:86:Infinity":8,"s:87:33:87:Infinity":9,"s:90:76:92:Infinity":10,"b:90:76:91:Infinity:92:6:92:Infinity":0,"s:95:2:113:Infinity":11,"f:95:12:95:Infinity":1,"b:96:4:112:Infinity:undefined:undefined:undefined:undefined":1,"s:96:4:112:Infinity":12,"s:97:27:109:Infinity":13,"f:97:27:97:Infinity":2,"s:98:8:98:Infinity":14,"s:99:8:99:64":15,"f:99:26:99:37":3,"s:99:37:99:64":16,"s:101:33:101:Infinity":17,"f:101:50:101:55":4,"s:101:55:101:Infinity":18,"b:102:8:107:Infinity:105:15:107:Infinity":2,"s:102:8:107:Infinity":19,"s:103:10:103:Infinity":20,"s:104:10:104:Infinity":21,"s:106:10:106:Infinity":22,"s:108:8:108:Infinity":23,"s:111:6:111:Infinity":24,"s:116:19:116:Infinity":25,"b:116:35:116:52:116:52:116:Infinity":3,"s:117:16:117:Infinity":26,"b:117:32:117:46:117:46:117:Infinity":4,"s:118:17:118:Infinity":27,"b:118:33:118:54:118:54:118:Infinity":5,"s:120:24:127:Infinity":28,"f:120:24:120:Infinity":5,"s:121:4:121:Infinity":29,"s:122:4:126:Infinity":30,"f:122:15:122:Infinity":6,"s:123:6:123:Infinity":31,"s:124:6:124:Infinity":32,"s:125:6:125:Infinity":33,"s:129:22:129:Infinity":34,"b:129:31:129:58:129:58:129:Infinity":6,"b:192:60:192:78:192:78:192:Infinity":7,"f:291:23:291:29":7,"s:291:29:291:Infinity":35,"f:351:31:351:37":8,"s:351:37:351:Infinity":36,"f:369:32:369:33":9,"s:369:39:369:Infinity":37,"b:369:63:369:91:369:91:369:Infinity":8,"f:384:31:384:37":10,"s:384:37:384:Infinity":38,"f:417:29:417:35":11,"s:417:35:417:Infinity":39,"f:429:34:429:35":12,"s:430:22:430:Infinity":40,"s:431:22:431:Infinity":41,"f:433:34:433:35":13,"s:434:22:434:Infinity":42,"s:435:22:435:Infinity":43,"f:453:34:453:35":14,"s:453:41:453:Infinity":44,"f:454:34:454:35":15,"s:454:41:454:Infinity":45,"b:469:67:469:73:469:73:469:76":9}}}
,"C:\\VSC WORKSPACE\\Front-Eventos\\src\\pages\\Home.jsx": {"path":"C:\\VSC WORKSPACE\\Front-Eventos\\src\\pages\\Home.jsx","statementMap":{},"fnMap":{"0":{"name":"Home","decl":{"start":{"line":3,"column":24},"end":{"line":3,"column":null}},"loc":{"start":{"line":3,"column":24},"end":{"line":31,"column":null}},"line":3}},"branchMap":{},"s":{},"f":{"0":2},"b":{},"meta":{"lastBranch":0,"lastFunction":1,"lastStatement":0,"seen":{"f:3:24:3:Infinity":0}}}
}
